<?xml version="1.0" encoding="UTF-8"?>
<!-- Generated by org.testng.reporters.JUnitReportReporter -->
<testsuite hostname="LAPTOP-V5VMG2BK" failures="0" tests="3" name="maven_tasks.login1" time="25.931" errors="0" timestamp="2024-06-22T13:04:04 IST" skipped="0">
  <testcase classname="maven_tasks.login1" name="login" time="6.200"/>
  <testcase classname="maven_tasks.login1" name="login" time="11.218"/>
  <testcase classname="maven_tasks.login1" name="login" time="8.513"/>
</testsuite> <!-- maven_tasks.login1 -->
